This file contains any messages produced by compilers while
running configure, to aid debugging if configure makes a mistake.

It was created by configure, which was
generated by GNU Autoconf 2.59.  Invocation command line was

  $ ./configure --enable-statvfs --with-php-config=/usr/webconfig/bin/php-config

## --------- ##
## Platform. ##
## --------- ##

hostname = cc4devel.lan
uname -m = i686
uname -r = 2.6.9-42.ccsmp
uname -s = Linux
uname -v = #1 SMP Wed Sep 13 21:15:46 EDT 2006

/usr/bin/uname -p = unknown
/bin/uname -X     = unknown

/bin/arch              = i686
/usr/bin/arch -k       = unknown
/usr/convex/getsysinfo = unknown
hostinfo               = unknown
/bin/machine           = unknown
/usr/bin/oslevel       = unknown
/bin/universe          = unknown

PATH: /usr/kerberos/bin
PATH: /usr/local/bin
PATH: /bin
PATH: /usr/bin
PATH: /usr/X11R6/bin
PATH: /home/darryl/bin


## ----------- ##
## Core tests. ##
## ----------- ##

configure:1497: checking for egrep
configure:1507: result: grep -E
configure:1512: checking for a sed that does not truncate output
configure:1566: result: /bin/sed
configure:1675: checking for gcc
configure:1691: found /usr/bin/gcc
configure:1701: result: gcc
configure:1945: checking for C compiler version
configure:1948: gcc --version </dev/null >&5
gcc (GCC) 3.4.6 20060404 (Red Hat 3.4.6-8)
Copyright (C) 2006 Free Software Foundation, Inc.
This is free software; see the source for copying conditions.  There is NO
warranty; not even for MERCHANTABILITY or FITNESS FOR A PARTICULAR PURPOSE.

configure:1951: $? = 0
configure:1953: gcc -v </dev/null >&5
Reading specs from /usr/lib/gcc/i386-redhat-linux/3.4.6/specs
Configured with: ../configure --prefix=/usr --mandir=/usr/share/man --infodir=/usr/share/info --enable-shared --enable-threads=posix --disable-checking --with-system-zlib --enable-__cxa_atexit --disable-libunwind-exceptions --enable-java-awt=gtk --host=i386-redhat-linux
Thread model: posix
gcc version 3.4.6 20060404 (Red Hat 3.4.6-8)
configure:1956: $? = 0
configure:1958: gcc -V </dev/null >&5
gcc: `-V' option must have argument
configure:1961: $? = 1
configure:1984: checking for C compiler default output file name
configure:1987: gcc    conftest.c  >&5
configure:1990: $? = 0
configure:2036: result: a.out
configure:2041: checking whether the C compiler works
configure:2047: ./a.out
configure:2050: $? = 0
configure:2067: result: yes
configure:2074: checking whether we are cross compiling
configure:2076: result: no
configure:2079: checking for suffix of executables
configure:2081: gcc -o conftest    conftest.c  >&5
configure:2084: $? = 0
configure:2109: result: 
configure:2115: checking for suffix of object files
configure:2136: gcc -c   conftest.c >&5
configure:2139: $? = 0
configure:2161: result: o
configure:2165: checking whether we are using the GNU C compiler
configure:2189: gcc -c   conftest.c >&5
configure:2195: $? = 0
configure:2199: test -z 
			 || test ! -s conftest.err
configure:2202: $? = 0
configure:2205: test -s conftest.o
configure:2208: $? = 0
configure:2221: result: yes
configure:2227: checking whether gcc accepts -g
configure:2248: gcc -c -g  conftest.c >&5
configure:2254: $? = 0
configure:2258: test -z 
			 || test ! -s conftest.err
configure:2261: $? = 0
configure:2264: test -s conftest.o
configure:2267: $? = 0
configure:2278: result: yes
configure:2295: checking for gcc option to accept ANSI C
configure:2365: gcc  -c -g -O2  conftest.c >&5
configure:2371: $? = 0
configure:2375: test -z 
			 || test ! -s conftest.err
configure:2378: $? = 0
configure:2381: test -s conftest.o
configure:2384: $? = 0
configure:2402: result: none needed
configure:2420: gcc -c -g -O2  conftest.c >&5
conftest.c:2: error: syntax error before "me"
configure:2426: $? = 1
configure: failed program was:
| #ifndef __cplusplus
|   choke me
| #endif
configure:2560: checking whether gcc and cc understand -c and -o together
configure:2590: gcc -c conftest.c -o conftest.o >&5
configure:2593: $? = 0
configure:2595: gcc -c conftest.c -o conftest.o >&5
configure:2598: $? = 0
configure:2605: cc -c conftest.c >&5
configure:2608: $? = 0
configure:2611: cc -c conftest.c -o conftest.o >&5
configure:2614: $? = 0
configure:2616: cc -c conftest.c -o conftest.o >&5
configure:2619: $? = 0
configure:2637: result: yes
configure:2661: checking if compiler supports -R
configure:2685: gcc -o conftest -g -O2   conftest.c -R /usr/lib  >&5
gcc: unrecognized option `-R'
/usr/lib: file not recognized: Is a directory
collect2: ld returned 1 exit status
configure:2691: $? = 1
configure: failed program was:
| /* confdefs.h.  */
| 
| #define PACKAGE_NAME ""
| #define PACKAGE_TARNAME ""
| #define PACKAGE_VERSION ""
| #define PACKAGE_STRING ""
| #define PACKAGE_BUGREPORT ""
| /* end confdefs.h.  */
| 
| int
| main ()
| {
| 
|   ;
|   return 0;
| }
configure:2718: result: no
configure:2723: checking if compiler supports -Wl,-rpath,
configure:2747: gcc -o conftest -g -O2   conftest.c -Wl,-rpath,/usr/lib  >&5
configure:2753: $? = 0
configure:2757: test -z 
			 || test ! -s conftest.err
configure:2760: $? = 0
configure:2763: test -s conftest
configure:2766: $? = 0
configure:2780: result: yes
configure:2820: checking build system type
configure:2838: result: i686-pc-linux-gnu
configure:2846: checking host system type
configure:2860: result: i686-pc-linux-gnu
configure:2868: checking target system type
configure:2882: result: i686-pc-linux-gnu
configure:2967: checking for PHP prefix
configure:2969: result: /usr/webconfig
configure:2971: checking for PHP includes
configure:2973: result: -I/usr/webconfig/include/php -I/usr/webconfig/include/php/main -I/usr/webconfig/include/php/TSRM -I/usr/webconfig/include/php/Zend -I/usr/webconfig/include/php/ext -I/usr/webconfig/include/php/ext/date/lib
configure:2975: checking for PHP extension directory
configure:2977: result: /usr/webconfig/lib/php
configure:2979: checking for PHP installed headers prefix
configure:2981: result: /usr/webconfig/include/php
configure:3028: checking for re2c
configure:3057: result: no
configure:3081: WARNING: You will need re2c 0.9.11 or later if you want to regenerate PHP parsers.
configure:3095: checking for gawk
configure:3112: found /bin/gawk
configure:3122: result: gawk
configure:3172: checking whether to enable statvfs support
configure:3214: result: yes, shared
configure:3590: checking for ld used by gcc
configure:3657: result: /usr/bin/ld
configure:3666: checking if the linker (/usr/bin/ld) is GNU ld
configure:3681: result: yes
configure:3686: checking for /usr/bin/ld option to reload object files
configure:3693: result: -r
configure:3711: checking for BSD-compatible nm
configure:3753: result: /usr/bin/nm -B
configure:3757: checking whether ln -s works
configure:3761: result: yes
configure:3768: checking how to recognise dependent libraries
configure:3940: result: pass_all
configure:4152: checking how to run the C preprocessor
configure:4187: gcc -E  conftest.c
configure:4193: $? = 0
configure:4225: gcc -E  conftest.c
conftest.c:10:28: ac_nonexistent.h: No such file or directory
configure:4231: $? = 1
configure: failed program was:
| /* confdefs.h.  */
| 
| #define PACKAGE_NAME ""
| #define PACKAGE_TARNAME ""
| #define PACKAGE_VERSION ""
| #define PACKAGE_STRING ""
| #define PACKAGE_BUGREPORT ""
| #define COMPILE_DL_STATVFS 1
| /* end confdefs.h.  */
| #include <ac_nonexistent.h>
configure:4270: result: gcc -E
configure:4294: gcc -E  conftest.c
configure:4300: $? = 0
configure:4332: gcc -E  conftest.c
conftest.c:10:28: ac_nonexistent.h: No such file or directory
configure:4338: $? = 1
configure: failed program was:
| /* confdefs.h.  */
| 
| #define PACKAGE_NAME ""
| #define PACKAGE_TARNAME ""
| #define PACKAGE_VERSION ""
| #define PACKAGE_STRING ""
| #define PACKAGE_BUGREPORT ""
| #define COMPILE_DL_STATVFS 1
| /* end confdefs.h.  */
| #include <ac_nonexistent.h>
configure:4382: checking for ANSI C header files
configure:4407: gcc -c -g -O2  conftest.c >&5
configure:4413: $? = 0
configure:4417: test -z 
			 || test ! -s conftest.err
configure:4420: $? = 0
configure:4423: test -s conftest.o
configure:4426: $? = 0
configure:4515: gcc -o conftest -g -O2   conftest.c  >&5
configure:4518: $? = 0
configure:4520: ./conftest
configure:4523: $? = 0
configure:4538: result: yes
configure:4562: checking for sys/types.h
configure:4578: gcc -c -g -O2  conftest.c >&5
configure:4584: $? = 0
configure:4588: test -z 
			 || test ! -s conftest.err
configure:4591: $? = 0
configure:4594: test -s conftest.o
configure:4597: $? = 0
configure:4608: result: yes
configure:4562: checking for sys/stat.h
configure:4578: gcc -c -g -O2  conftest.c >&5
configure:4584: $? = 0
configure:4588: test -z 
			 || test ! -s conftest.err
configure:4591: $? = 0
configure:4594: test -s conftest.o
configure:4597: $? = 0
configure:4608: result: yes
configure:4562: checking for stdlib.h
configure:4578: gcc -c -g -O2  conftest.c >&5
configure:4584: $? = 0
configure:4588: test -z 
			 || test ! -s conftest.err
configure:4591: $? = 0
configure:4594: test -s conftest.o
configure:4597: $? = 0
configure:4608: result: yes
configure:4562: checking for string.h
configure:4578: gcc -c -g -O2  conftest.c >&5
configure:4584: $? = 0
configure:4588: test -z 
			 || test ! -s conftest.err
configure:4591: $? = 0
configure:4594: test -s conftest.o
configure:4597: $? = 0
configure:4608: result: yes
configure:4562: checking for memory.h
configure:4578: gcc -c -g -O2  conftest.c >&5
configure:4584: $? = 0
configure:4588: test -z 
			 || test ! -s conftest.err
configure:4591: $? = 0
configure:4594: test -s conftest.o
configure:4597: $? = 0
configure:4608: result: yes
configure:4562: checking for strings.h
configure:4578: gcc -c -g -O2  conftest.c >&5
configure:4584: $? = 0
configure:4588: test -z 
			 || test ! -s conftest.err
configure:4591: $? = 0
configure:4594: test -s conftest.o
configure:4597: $? = 0
configure:4608: result: yes
configure:4562: checking for inttypes.h
configure:4578: gcc -c -g -O2  conftest.c >&5
configure:4584: $? = 0
configure:4588: test -z 
			 || test ! -s conftest.err
configure:4591: $? = 0
configure:4594: test -s conftest.o
configure:4597: $? = 0
configure:4608: result: yes
configure:4562: checking for stdint.h
configure:4578: gcc -c -g -O2  conftest.c >&5
configure:4584: $? = 0
configure:4588: test -z 
			 || test ! -s conftest.err
configure:4591: $? = 0
configure:4594: test -s conftest.o
configure:4597: $? = 0
configure:4608: result: yes
configure:4562: checking for unistd.h
configure:4578: gcc -c -g -O2  conftest.c >&5
configure:4584: $? = 0
configure:4588: test -z 
			 || test ! -s conftest.err
configure:4591: $? = 0
configure:4594: test -s conftest.o
configure:4597: $? = 0
configure:4608: result: yes
configure:4634: checking dlfcn.h usability
configure:4646: gcc -c -g -O2  conftest.c >&5
configure:4652: $? = 0
configure:4656: test -z 
			 || test ! -s conftest.err
configure:4659: $? = 0
configure:4662: test -s conftest.o
configure:4665: $? = 0
configure:4675: result: yes
configure:4679: checking dlfcn.h presence
configure:4689: gcc -E  conftest.c
configure:4695: $? = 0
configure:4715: result: yes
configure:4750: checking for dlfcn.h
configure:4757: result: yes
configure:4822: checking for g++
configure:4838: found /usr/bin/g++
configure:4848: result: g++
configure:4864: checking for C++ compiler version
configure:4867: g++ --version </dev/null >&5
g++ (GCC) 3.4.6 20060404 (Red Hat 3.4.6-8)
Copyright (C) 2006 Free Software Foundation, Inc.
This is free software; see the source for copying conditions.  There is NO
warranty; not even for MERCHANTABILITY or FITNESS FOR A PARTICULAR PURPOSE.

configure:4870: $? = 0
configure:4872: g++ -v </dev/null >&5
Reading specs from /usr/lib/gcc/i386-redhat-linux/3.4.6/specs
Configured with: ../configure --prefix=/usr --mandir=/usr/share/man --infodir=/usr/share/info --enable-shared --enable-threads=posix --disable-checking --with-system-zlib --enable-__cxa_atexit --disable-libunwind-exceptions --enable-java-awt=gtk --host=i386-redhat-linux
Thread model: posix
gcc version 3.4.6 20060404 (Red Hat 3.4.6-8)
configure:4875: $? = 0
configure:4877: g++ -V </dev/null >&5
g++: `-V' option must have argument
configure:4880: $? = 1
configure:4883: checking whether we are using the GNU C++ compiler
configure:4907: g++ -c   conftest.cc >&5
configure:4913: $? = 0
configure:4917: test -z 
			 || test ! -s conftest.err
configure:4920: $? = 0
configure:4923: test -s conftest.o
configure:4926: $? = 0
configure:4939: result: yes
configure:4945: checking whether g++ accepts -g
configure:4966: g++ -c -g  conftest.cc >&5
configure:4972: $? = 0
configure:4976: test -z 
			 || test ! -s conftest.err
configure:4979: $? = 0
configure:4982: test -s conftest.o
configure:4985: $? = 0
configure:4996: result: yes
configure:5038: g++ -c -g -O2  conftest.cc >&5
configure:5044: $? = 0
configure:5048: test -z 
			 || test ! -s conftest.err
configure:5051: $? = 0
configure:5054: test -s conftest.o
configure:5057: $? = 0
configure:5083: g++ -c -g -O2  conftest.cc >&5
conftest.cc: In function `int main()':
conftest.cc:25: error: `exit' was not declared in this scope
configure:5089: $? = 1
configure: failed program was:
| /* confdefs.h.  */
| 
| #define PACKAGE_NAME ""
| #define PACKAGE_TARNAME ""
| #define PACKAGE_VERSION ""
| #define PACKAGE_STRING ""
| #define PACKAGE_BUGREPORT ""
| #define COMPILE_DL_STATVFS 1
| #define STDC_HEADERS 1
| #define HAVE_SYS_TYPES_H 1
| #define HAVE_SYS_STAT_H 1
| #define HAVE_STDLIB_H 1
| #define HAVE_STRING_H 1
| #define HAVE_MEMORY_H 1
| #define HAVE_STRINGS_H 1
| #define HAVE_INTTYPES_H 1
| #define HAVE_STDINT_H 1
| #define HAVE_UNISTD_H 1
| #define HAVE_DLFCN_H 1
| /* end confdefs.h.  */
| 
| int
| main ()
| {
| exit (42);
|   ;
|   return 0;
| }
configure:5038: g++ -c -g -O2  conftest.cc >&5
configure:5044: $? = 0
configure:5048: test -z 
			 || test ! -s conftest.err
configure:5051: $? = 0
configure:5054: test -s conftest.o
configure:5057: $? = 0
configure:5083: g++ -c -g -O2  conftest.cc >&5
configure:5089: $? = 0
configure:5093: test -z 
			 || test ! -s conftest.err
configure:5096: $? = 0
configure:5099: test -s conftest.o
configure:5102: $? = 0
configure:5135: checking how to run the C++ preprocessor
configure:5166: g++ -E  conftest.cc
configure:5172: $? = 0
configure:5204: g++ -E  conftest.cc
conftest.cc:24:28: ac_nonexistent.h: No such file or directory
configure:5210: $? = 1
configure: failed program was:
| /* confdefs.h.  */
| 
| #define PACKAGE_NAME ""
| #define PACKAGE_TARNAME ""
| #define PACKAGE_VERSION ""
| #define PACKAGE_STRING ""
| #define PACKAGE_BUGREPORT ""
| #define COMPILE_DL_STATVFS 1
| #define STDC_HEADERS 1
| #define HAVE_SYS_TYPES_H 1
| #define HAVE_SYS_STAT_H 1
| #define HAVE_STDLIB_H 1
| #define HAVE_STRING_H 1
| #define HAVE_MEMORY_H 1
| #define HAVE_STRINGS_H 1
| #define HAVE_INTTYPES_H 1
| #define HAVE_STDINT_H 1
| #define HAVE_UNISTD_H 1
| #define HAVE_DLFCN_H 1
| #ifdef __cplusplus
| extern "C" void std::exit (int) throw (); using std::exit;
| #endif
| /* end confdefs.h.  */
| #include <ac_nonexistent.h>
configure:5249: result: g++ -E
configure:5273: g++ -E  conftest.cc
configure:5279: $? = 0
configure:5311: g++ -E  conftest.cc
conftest.cc:24:28: ac_nonexistent.h: No such file or directory
configure:5317: $? = 1
configure: failed program was:
| /* confdefs.h.  */
| 
| #define PACKAGE_NAME ""
| #define PACKAGE_TARNAME ""
| #define PACKAGE_VERSION ""
| #define PACKAGE_STRING ""
| #define PACKAGE_BUGREPORT ""
| #define COMPILE_DL_STATVFS 1
| #define STDC_HEADERS 1
| #define HAVE_SYS_TYPES_H 1
| #define HAVE_SYS_STAT_H 1
| #define HAVE_STDLIB_H 1
| #define HAVE_STRING_H 1
| #define HAVE_MEMORY_H 1
| #define HAVE_STRINGS_H 1
| #define HAVE_INTTYPES_H 1
| #define HAVE_STDINT_H 1
| #define HAVE_UNISTD_H 1
| #define HAVE_DLFCN_H 1
| #ifdef __cplusplus
| extern "C" void std::exit (int) throw (); using std::exit;
| #endif
| /* end confdefs.h.  */
| #include <ac_nonexistent.h>
configure:5367: checking the maximum length of command line arguments
configure:5459: result: 32768
configure:5470: checking command to parse /usr/bin/nm -B output from gcc object
configure:5566: g++ -c -g -O2  conftest.cc >&5
configure:5569: $? = 0
configure:5573: /usr/bin/nm -B conftest.o \| sed -n -e 's/^.*[ 	]\([ABCDGIRSTW][ABCDGIRSTW]*\)[ 	][ 	]*\([_A-Za-z][_A-Za-z0-9]*\)$/\1 \2 \2/p' \> conftest.nm
configure:5576: $? = 0
configure:5628: g++ -o conftest -g -O2   conftest.cc conftstm.o >&5
configure:5631: $? = 0
configure:5669: result: ok
configure:5673: checking for objdir
configure:5688: result: .libs
configure:5778: checking for ar
configure:5794: found /usr/bin/ar
configure:5805: result: ar
configure:5858: checking for ranlib
configure:5874: found /usr/bin/ranlib
configure:5885: result: ranlib
configure:5938: checking for strip
configure:5954: found /usr/bin/strip
configure:5965: result: strip
configure:6254: checking if gcc static flag  works
configure:6282: result: yes
configure:6304: checking if gcc supports -fno-rtti -fno-exceptions
configure:6322: gcc -c -g -O2  -fno-rtti -fno-exceptions conftest.c >&5
cc1: warning: command line option "-fno-rtti" is valid for C++/ObjC++ but not for C
configure:6326: $? = 0
configure:6339: result: no
configure:6354: checking for gcc option to produce PIC
configure:6558: result: -fPIC
configure:6566: checking if gcc PIC flag -fPIC works
configure:6584: gcc -c -g -O2  -fPIC -DPIC conftest.c >&5
configure:6588: $? = 0
configure:6601: result: yes
configure:6625: checking if gcc supports -c -o file.o
configure:6646: gcc -c -g -O2  -o out/conftest2.o conftest.c >&5
configure:6650: $? = 0
configure:6672: result: yes
configure:6698: checking whether the gcc linker (/usr/bin/ld) supports shared libraries
configure:7542: result: yes
configure:7568: checking whether -lc should be explicitly linked in
configure:7573: gcc -c -g -O2  conftest.c >&5
configure:7576: $? = 0
configure:7590: gcc -shared conftest.o  -v -Wl,-soname -Wl,conftest -o conftest 2\>\&1 \| grep  -lc  \>/dev/null 2\>\&1
configure:7593: $? = 0
configure:7605: result: no
configure:7613: checking dynamic linker characteristics
configure:8188: result: GNU/Linux ld.so
configure:8192: checking how to hardcode library paths into programs
configure:8217: result: immediate
configure:8231: checking whether stripping libraries is possible
configure:8236: result: yes
configure:9066: checking if libtool supports shared libraries
configure:9068: result: yes
configure:9071: checking whether to build shared libraries
configure:9092: result: yes
configure:9095: checking whether to build static libraries
configure:9099: result: no
configure:9192: result:
creating libtool
configure:9773: checking for ld used by g++
configure:9840: result: /usr/bin/ld
configure:9849: checking if the linker (/usr/bin/ld) is GNU ld
configure:9864: result: yes
configure:9915: checking whether the g++ linker (/usr/bin/ld) supports shared libraries
configure:10743: result: yes
configure:10765: g++ -c -g -O2  conftest.cpp >&5
configure:10768: $? = 0
configure:10878: checking for g++ option to produce PIC
configure:11146: result: -fPIC
configure:11154: checking if g++ PIC flag -fPIC works
configure:11172: g++ -c -g -O2  -fPIC -DPIC conftest.cpp >&5
configure:11176: $? = 0
configure:11189: result: yes
configure:11213: checking if g++ supports -c -o file.o
configure:11234: g++ -c -g -O2  -o out/conftest2.o conftest.cpp >&5
configure:11238: $? = 0
configure:11260: result: yes
configure:11286: checking whether the g++ linker (/usr/bin/ld) supports shared libraries
configure:11311: result: yes
configure:11382: checking dynamic linker characteristics
configure:11957: result: GNU/Linux ld.so
configure:11961: checking how to hardcode library paths into programs
configure:11986: result: immediate
configure:12000: checking whether stripping libraries is possible
configure:12005: result: yes
configure:13541: creating ./config.status

## ---------------------- ##
## Running config.status. ##
## ---------------------- ##

This file was extended by config.status, which was
generated by GNU Autoconf 2.59.  Invocation command line was

  CONFIG_FILES    = 
  CONFIG_HEADERS  = 
  CONFIG_LINKS    = 
  CONFIG_COMMANDS = 
  $ ./config.status 

on cc4devel.lan

config.status:454: creating config.h

## ---------------- ##
## Cache variables. ##
## ---------------- ##

ac_cv_build=i686-pc-linux-gnu
ac_cv_build_alias=i686-pc-linux-gnu
ac_cv_c_compiler_gnu=yes
ac_cv_cxx_compiler_gnu=yes
ac_cv_env_CC_set=
ac_cv_env_CC_value=
ac_cv_env_CFLAGS_set=
ac_cv_env_CFLAGS_value=
ac_cv_env_CPPFLAGS_set=
ac_cv_env_CPPFLAGS_value=
ac_cv_env_CPP_set=
ac_cv_env_CPP_value=
ac_cv_env_CXXCPP_set=
ac_cv_env_CXXCPP_value=
ac_cv_env_CXXFLAGS_set=
ac_cv_env_CXXFLAGS_value=
ac_cv_env_CXX_set=
ac_cv_env_CXX_value=
ac_cv_env_LDFLAGS_set=
ac_cv_env_LDFLAGS_value=
ac_cv_env_build_alias_set=
ac_cv_env_build_alias_value=
ac_cv_env_host_alias_set=
ac_cv_env_host_alias_value=
ac_cv_env_target_alias_set=
ac_cv_env_target_alias_value=
ac_cv_exeext=
ac_cv_header_dlfcn_h=yes
ac_cv_header_inttypes_h=yes
ac_cv_header_memory_h=yes
ac_cv_header_stdc=yes
ac_cv_header_stdint_h=yes
ac_cv_header_stdlib_h=yes
ac_cv_header_string_h=yes
ac_cv_header_strings_h=yes
ac_cv_header_sys_stat_h=yes
ac_cv_header_sys_types_h=yes
ac_cv_header_unistd_h=yes
ac_cv_host=i686-pc-linux-gnu
ac_cv_host_alias=i686-pc-linux-gnu
ac_cv_objext=o
ac_cv_prog_AWK=gawk
ac_cv_prog_CPP='gcc -E'
ac_cv_prog_CXXCPP='g++ -E'
ac_cv_prog_ac_ct_AR=ar
ac_cv_prog_ac_ct_CC=gcc
ac_cv_prog_ac_ct_CXX=g++
ac_cv_prog_ac_ct_RANLIB=ranlib
ac_cv_prog_ac_ct_STRIP=strip
ac_cv_prog_cc_g=yes
ac_cv_prog_cc_gcc_c_o=yes
ac_cv_prog_cc_stdc=
ac_cv_prog_cxx_g=yes
ac_cv_prog_egrep='grep -E'
ac_cv_target=i686-pc-linux-gnu
ac_cv_target_alias=i686-pc-linux-gnu
lt_cv_deplibs_check_method=pass_all
lt_cv_file_magic_cmd='$MAGIC_CMD'
lt_cv_file_magic_test_file=
lt_cv_ld_reload_flag=-r
lt_cv_objdir=.libs
lt_cv_path_LD=/usr/bin/ld
lt_cv_path_LDCXX=/usr/bin/ld
lt_cv_path_NM='/usr/bin/nm -B'
lt_cv_path_SED=/bin/sed
lt_cv_prog_compiler_c_o=yes
lt_cv_prog_compiler_c_o_CXX=yes
lt_cv_prog_compiler_rtti_exceptions=no
lt_cv_prog_gnu_ld=yes
lt_cv_prog_gnu_ldcxx=yes
lt_cv_sys_global_symbol_pipe='sed -n -e '\''s/^.*[ 	]\([ABCDGIRSTW][ABCDGIRSTW]*\)[ 	][ 	]*\([_A-Za-z][_A-Za-z0-9]*\)$/\1 \2 \2/p'\'''
lt_cv_sys_global_symbol_to_c_name_address='sed -n -e '\''s/^: \([^ ]*\) $/  {\"\1\", (lt_ptr) 0},/p'\'' -e '\''s/^[BCDEGRST] \([^ ]*\) \([^ ]*\)$/  {"\2", (lt_ptr) \&\2},/p'\'''
lt_cv_sys_global_symbol_to_cdecl='sed -n -e '\''s/^. .* \(.*\)$/extern int \1;/p'\'''
lt_cv_sys_max_cmd_len=32768
lt_lt_cv_prog_compiler_c_o='"yes"'
lt_lt_cv_prog_compiler_c_o_CXX='"yes"'
lt_lt_cv_sys_global_symbol_pipe='"sed -n -e '\''s/^.*[ 	]\\([ABCDGIRSTW][ABCDGIRSTW]*\\)[ 	][ 	]*\\([_A-Za-z][_A-Za-z0-9]*\\)\$/\\1 \\2 \\2/p'\''"'
lt_lt_cv_sys_global_symbol_to_c_name_address='"sed -n -e '\''s/^: \\([^ ]*\\) \$/  {\\\"\\1\\\", (lt_ptr) 0},/p'\'' -e '\''s/^[BCDEGRST] \\([^ ]*\\) \\([^ ]*\\)\$/  {\"\\2\", (lt_ptr) \\&\\2},/p'\''"'
lt_lt_cv_sys_global_symbol_to_cdecl='"sed -n -e '\''s/^. .* \\(.*\\)\$/extern int \\1;/p'\''"'
php_cv_cc_dashr=no
php_cv_cc_rpath=yes

## ----------------- ##
## Output variables. ##
## ----------------- ##

AR='ar'
AWK='gawk'
CC='gcc'
CFLAGS='-g -O2'
CONFIGURE_COMMAND=' './configure' '--enable-statvfs' '--with-php-config=/usr/webconfig/bin/php-config''
CPP='gcc -E'
CPPFLAGS=' -DHAVE_CONFIG_H'
CXX='g++'
CXXCPP='g++ -E'
CXXFLAGS='-g -O2'
DEFS='-DHAVE_CONFIG_H'
ECHO='echo'
ECHO_C=''
ECHO_N='-n'
ECHO_T=''
EGREP='grep -E'
EXEEXT=''
LDFLAGS=''
LIBOBJS=''
LIBS=''
LIBTOOL='$(SHELL) $(top_builddir)/libtool'
LN_S='ln -s'
LTLIBOBJS=''
OBJEXT='o'
PACKAGE_BUGREPORT=''
PACKAGE_NAME=''
PACKAGE_STRING=''
PACKAGE_TARNAME=''
PACKAGE_VERSION=''
PATH_SEPARATOR=':'
RANLIB='ranlib'
RE2C='exit 0;'
SHELL='/bin/sh'
SHLIB_DL_SUFFIX_NAME='so'
SHLIB_SUFFIX_NAME='so'
STRIP='strip'
ac_ct_AR='ar'
ac_ct_CC='gcc'
ac_ct_CXX='g++'
ac_ct_RANLIB='ranlib'
ac_ct_STRIP='strip'
bindir='${exec_prefix}/bin'
build='i686-pc-linux-gnu'
build_alias=''
build_cpu='i686'
build_os='linux-gnu'
build_vendor='pc'
datadir='${prefix}/share'
exec_prefix='$(prefix)'
host='i686-pc-linux-gnu'
host_alias='i686-pc-linux-gnu'
host_cpu='i686'
host_os='linux-gnu'
host_vendor='pc'
includedir='${prefix}/include'
infodir='${prefix}/info'
libdir='${exec_prefix}/lib'
libexecdir='${exec_prefix}/libexec'
localstatedir='${prefix}/var'
mandir='${prefix}/man'
oldincludedir='/usr/include'
prefix='/usr/webconfig'
program_transform_name='s,x,x,'
sbindir='${exec_prefix}/sbin'
sharedstatedir='${prefix}/com'
sysconfdir='${prefix}/etc'
target='i686-pc-linux-gnu'
target_alias=''
target_cpu='i686'
target_os='linux-gnu'
target_vendor='pc'

## ----------- ##
## confdefs.h. ##
## ----------- ##

#define COMPILE_DL_STATVFS 1
#define HAVE_DLFCN_H 1
#define HAVE_INTTYPES_H 1
#define HAVE_MEMORY_H 1
#define HAVE_STDINT_H 1
#define HAVE_STDLIB_H 1
#define HAVE_STRINGS_H 1
#define HAVE_STRING_H 1
#define HAVE_SYS_STAT_H 1
#define HAVE_SYS_TYPES_H 1
#define HAVE_UNISTD_H 1
#define PACKAGE_BUGREPORT ""
#define PACKAGE_NAME ""
#define PACKAGE_STRING ""
#define PACKAGE_TARNAME ""
#define PACKAGE_VERSION ""
#define STDC_HEADERS 1
#endif
#ifdef __cplusplus
extern "C" void std::exit (int) throw (); using std::exit;

configure: exit 0
